#
# A fatal error has been detected by the Java Runtime Environment:
#
#  Internal Error (t:/workspace/open/src/hotspot/share/oops/generateOopMap.cpp:2162), pid=23944, tid=23464
#  fatal error: Illegal class file encountered. Try running with -Xverify:all in method checkResult
#
# JRE version: Java(TM) SE Runtime Environment (10.0.1+10) (build 10.0.1+10)
# Java VM: Java HotSpot(TM) 64-Bit Server VM (10.0.1+10, mixed mode, tiered, compressed oops, g1 gc, windows-amd64)
# No core dump will be written. Minidumps are not enabled by default on client versions of Windows
#
# If you would like to submit a bug report, please visit:
#   http://bugreport.java.com/bugreport/crash.jsp
#

---------------  S U M M A R Y ------------

Command Line: -agentlib:jdwp=transport=dt_socket,address=127.0.0.1:49577,suspend=y,server=n -ea -Didea.test.cyclic.buffer.size=1048576 -javaagent:C:\Users\ddzheber\AppData\Local\Temp\capturejars\debugger-agent.jar=file:/C:/Users/ddzheber/AppData/Local/Temp/capture.props -Dfile.encoding=UTF-8 com.intellij.rt.execution.junit.JUnitStarter -ideVersion5 -junit4 com.google.test,test1

Host: Intel(R) Core(TM) i5-6300U CPU @ 2.40GHz, 4 cores, 15G,  Windows 10 , 64 bit Build 15063 (10.0.15063.296)
Time: Wed May 30 16:42:19 2018 Russia TZ 2 Standard Time elapsed time: 426638 seconds (4d 22h 30m 38s)

---------------  T H R E A D  ---------------

Current thread (0x00000122ff92f000):  VMThread "VM Thread" [stack: 0x00000015c8100000,0x00000015c8200000] [id=23464]

Stack: [0x00000015c8100000,0x00000015c8200000]
[error occurred during error reporting (printing stack bounds), id 0xe0000000]

Native frames: (J=compiled Java code, j=interpreted, Vv=VM code, C=native code)
V  [jvm.dll+0x5a0369]
V  [jvm.dll+0x6bcf81]
V  [jvm.dll+0x6be176]
V  [jvm.dll+0x6be765]
V  [jvm.dll+0x6be71b]
V  [jvm.dll+0x59fb63]
V  [jvm.dll+0x59ff68]
C  [ntdll.dll+0xaa07d]
C  [ntdll.dll+0x19c58]
C  [ntdll.dll+0xa90fe]
C  0x00000122eab10ead

VM_Operation (0x00000015c8aff6c0): GetOrSetLocal, mode: safepoint, requested by thread 0x00000122ffc77000


---------------  P R O C E S S  ---------------

Threads class SMR info:
_java_thread_list=0x00000122877426e0, length=20, elements={
0x00000122df784000, 0x00000122ff933000, 0x00000122ff93d000, 0x00000122ff98a800,
0x00000122ff98d800, 0x00000122ff990800, 0x00000122ff9ea000, 0x00000122ff9f7800,
0x00000122ffa14800, 0x00000122ffc77000, 0x000001228695e000, 0x000001228695e800,
0x0000012286831000, 0x0000012286931000, 0x0000012286f04000, 0x0000012286ede800,
0x0000012286edf000, 0x0000012286f0c000, 0x00000122876eb000, 0x00000122876eb800
}

Java Threads: ( => current thread )
  0x00000122df784000 JavaThread "main" [_thread_blocked, id=23028, stack(0x00000015c7500000,0x00000015c7600000)]
  0x00000122ff933000 JavaThread "Reference Handler" daemon [_thread_blocked, id=23588, stack(0x00000015c8200000,0x00000015c8300000)]
  0x00000122ff93d000 JavaThread "Finalizer" daemon [_thread_blocked, id=24332, stack(0x00000015c8300000,0x00000015c8400000)]
  0x00000122ff98a800 JavaThread "Signal Dispatcher" daemon [_thread_blocked, id=15240, stack(0x00000015c8400000,0x00000015c8500000)]
  0x00000122ff98d800 JavaThread "Attach Listener" daemon [_thread_blocked, id=23516, stack(0x00000015c8500000,0x00000015c8600000)]
  0x00000122ff990800 JavaThread "C2 CompilerThread0" daemon [_thread_blocked, id=23220, stack(0x00000015c8600000,0x00000015c8700000)]
  0x00000122ff9ea000 JavaThread "C2 CompilerThread1" daemon [_thread_blocked, id=18460, stack(0x00000015c8700000,0x00000015c8800000)]
  0x00000122ff9f7800 JavaThread "C1 CompilerThread2" daemon [_thread_blocked, id=23664, stack(0x00000015c8800000,0x00000015c8900000)]
  0x00000122ffa14800 JavaThread "Sweeper thread" daemon [_thread_blocked, id=4204, stack(0x00000015c8900000,0x00000015c8a00000)]
  0x00000122ffc77000 JavaThread "JDWP Transport Listener: dt_socket" daemon [_thread_blocked, id=22408, stack(0x00000015c8a00000,0x00000015c8b00000)] _threads_hazard_ptr=0x00000122877426e0
  0x000001228695e000 JavaThread "JDWP Event Helper Thread" daemon [_thread_blocked, id=20544, stack(0x00000015c8b00000,0x00000015c8c00000)]
  0x000001228695e800 JavaThread "JDWP Command Reader" daemon [_thread_in_native, id=24368, stack(0x00000015c8c00000,0x00000015c8d00000)]
  0x0000012286831000 JavaThread "Common-Cleaner" daemon [_thread_blocked, id=19404, stack(0x00000015c8d00000,0x00000015c8e00000)]
  0x0000012286931000 JavaThread "Service Thread" daemon [_thread_blocked, id=17264, stack(0x00000015c8e00000,0x00000015c8f00000)]
  0x0000012286f04000 JavaThread "Exec Default Executor" daemon [_thread_in_native, id=19616, stack(0x00000015c9000000,0x00000015c9100000)]
  0x0000012286ede800 JavaThread "Exec Stream Pumper" daemon [_thread_in_native, id=23276, stack(0x00000015c9100000,0x00000015c9200000)]
  0x0000012286edf000 JavaThread "Exec Stream Pumper" daemon [_thread_in_native, id=13584, stack(0x00000015c9200000,0x00000015c9300000)]
  0x0000012286f0c000 JavaThread "UrlChecker-2" daemon [_thread_blocked, id=9744, stack(0x00000015c9300000,0x00000015c9400000)]
  0x00000122876eb000 JavaThread "OkHttp ConnectionPool" daemon [_thread_blocked, id=14004, stack(0x00000015c9600000,0x00000015c9700000)]
  0x00000122876eb800 JavaThread "Okio Watchdog" daemon [_thread_blocked, id=22020, stack(0x00000015c9700000,0x00000015c9800000)]

Other Threads:
=>0x00000122ff92f000 VMThread "VM Thread" [stack: 0x00000015c8100000,0x00000015c8200000] [id=23464]
  0x00000122867b5800 WatcherThread [stack: 0x00000015c8f00000,0x00000015c9000000] [id=23036]
  0x00000122df7a0800 GCTaskThread "GC Thread#0" [stack: 0x00000015c7600000,0x00000015c7700000] [id=21732]
  0x00000122df7a2000 GCTaskThread "GC Thread#1" [stack: 0x00000015c7700000,0x00000015c7800000] [id=19144]
  0x00000122df7a3800 GCTaskThread "GC Thread#2" [stack: 0x00000015c7800000,0x00000015c7900000] [id=23688]
  0x00000122df7a6000 GCTaskThread "GC Thread#3" [stack: 0x00000015c7900000,0x00000015c7a00000] [id=24484]
  0x00000122df7ef000 ConcurrentGCThread "G1 Main Marker" [stack: 0x00000015c7a00000,0x00000015c7b00000] [id=23280]
  0x00000122df7f2800 ConcurrentGCThread "G1 Conc#0" [stack: 0x00000015c7b00000,0x00000015c7c00000] [id=21904]
  0x00000122df85d800 ConcurrentGCThread "G1 Refine#0" [stack: 0x00000015c7c00000,0x00000015c7d00000] [id=24208]
  0x00000122df85e800 ConcurrentGCThread "G1 Refine#1" [stack: 0x00000015c7d00000,0x00000015c7e00000] [id=14500]
  0x00000122ff373000 ConcurrentGCThread "G1 Refine#2" [stack: 0x00000015c7e00000,0x00000015c7f00000] [id=23400]
  0x00000122ff374000 ConcurrentGCThread "G1 Refine#3" [stack: 0x00000015c7f00000,0x00000015c8000000] [id=7956]
  0x00000122ff377000 ConcurrentGCThread "G1 Young RemSet Sampling" [stack: 0x00000015c8000000,0x00000015c8100000] [id=22604]

Threads with active compile tasks:

VM state:at safepoint (normal execution)

VM Mutex/Monitor currently owned by a thread:  ([mutex/lock_event])
[0x00000122df7833b0] Threads_lock - owner thread: 0x00000122ff92f000

Heap address: 0x00000006c2600000, size: 4058 MB, Compressed Oops mode: Zero based, Oop shift amount: 3
Narrow klass base: 0x0000000000000000, Narrow klass shift: 3
Compressed class space size: 1073741824 Address: 0x00000007c0000000

Heap:
 garbage-first heap   total 260096K, used 35497K [0x00000006c2600000, 0x00000007c0000000)
  region size 1024K, 35 young (35840K), 2 survivors (2048K)
 Metaspace       used 20113K, capacity 20679K, committed 20992K, reserved 1069056K
  class space    used 2075K, capacity 2292K, committed 2304K, reserved 1048576K
Heap Regions: E=young(eden), S=young(survivor), O=old, HS=humongous(starts), HC=humongous(continues), CS=collection set, F=free, A=archive, TS=gc time stamp, AC=allocation context, TAMS=top-at-mark-start (previous, next)
|   0|0x00000006c2600000, 0x00000006c26aa400, 0x00000006c2700000| 66%| O|  |TS  1|AC  0|TAMS 0x00000006c2600000, 0x00000006c2600000|
|   1|0x00000006c2700000, 0x00000006c2700000, 0x00000006c2800000|  0%| F|  |TS  0|AC  0|TAMS 0x00000006c2700000, 0x00000006c2700000|
|   2|0x00000006c2800000, 0x00000006c2800000, 0x00000006c2900000|  0%| F|  |TS  0|AC  0|TAMS 0x00000006c2800000, 0x00000006c2800000|
|   3|0x00000006c2900000, 0x00000006c2900000, 0x00000006c2a00000|  0%| F|  |TS  0|AC  0|TAMS 0x00000006c2900000, 0x00000006c2900000|
|   4|0x00000006c2a00000, 0x00000006c2a00000, 0x00000006c2b00000|  0%| F|  |TS  0|AC  0|TAMS 0x00000006c2a00000, 0x00000006c2a00000|
|   5|0x00000006c2b00000, 0x00000006c2b00000, 0x00000006c2c00000|  0%| F|  |TS  0|AC  0|TAMS 0x00000006c2b00000, 0x00000006c2b00000|
|   6|0x00000006c2c00000, 0x00000006c2c00000, 0x00000006c2d00000|  0%| F|  |TS  0|AC  0|TAMS 0x00000006c2c00000, 0x00000006c2c00000|
|   7|0x00000006c2d00000, 0x00000006c2d00000, 0x00000006c2e00000|  0%| F|  |TS  0|AC  0|TAMS 0x00000006c2d00000, 0x00000006c2d00000|
|   8|0x00000006c2e00000, 0x00000006c2e00000, 0x00000006c2f00000|  0%| F|  |TS  0|AC  0|TAMS 0x00000006c2e00000, 0x00000006c2e00000|
|   9|0x00000006c2f00000, 0x00000006c2f00000, 0x00000006c3000000|  0%| F|  |TS  0|AC  0|TAMS 0x00000006c2f00000, 0x00000006c2f00000|
|  10|0x00000006c3000000, 0x00000006c3000000, 0x00000006c3100000|  0%| F|  |TS  0|AC  0|TAMS 0x00000006c3000000, 0x00000006c3000000|
|  11|0x00000006c3100000, 0x00000006c3100000, 0x00000006c3200000|  0%| F|  |TS  0|AC  0|TAMS 0x00000006c3100000, 0x00000006c3100000|
|  12|0x00000006c3200000, 0x00000006c3200000, 0x00000006c3300000|  0%| F|  |TS  0|AC  0|TAMS 0x00000006c3200000, 0x00000006c3200000|
|  13|0x00000006c3300000, 0x00000006c3300000, 0x00000006c3400000|  0%| F|  |TS  0|AC  0|TAMS 0x00000006c3300000, 0x00000006c3300000|
|  14|0x00000006c3400000, 0x00000006c3400000, 0x00000006c3500000|  0%| F|  |TS  0|AC  0|TAMS 0x00000006c3400000, 0x00000006c3400000|
|  15|0x00000006c3500000, 0x00000006c3500000, 0x00000006c3600000|  0%| F|  |TS  0|AC  0|TAMS 0x00000006c3500000, 0x00000006c3500000|
|  16|0x00000006c3600000, 0x00000006c3600000, 0x00000006c3700000|  0%| F|  |TS  0|AC  0|TAMS 0x00000006c3600000, 0x00000006c3600000|
|  17|0x00000006c3700000, 0x00000006c3700000, 0x00000006c3800000|  0%| F|  |TS  0|AC  0|TAMS 0x00000006c3700000, 0x00000006c3700000|
|  18|0x00000006c3800000, 0x00000006c3800000, 0x00000006c3900000|  0%| F|  |TS  0|AC  0|TAMS 0x00000006c3800000, 0x00000006c3800000|
|  19|0x00000006c3900000, 0x00000006c3900000, 0x00000006c3a00000|  0%| F|  |TS  0|AC  0|TAMS 0x00000006c3900000, 0x00000006c3900000|
|  20|0x00000006c3a00000, 0x00000006c3a00000, 0x00000006c3b00000|  0%| F|  |TS  0|AC  0|TAMS 0x00000006c3a00000, 0x00000006c3a00000|
|  21|0x00000006c3b00000, 0x00000006c3b00000, 0x00000006c3c00000|  0%| F|  |TS  0|AC  0|TAMS 0x00000006c3b00000, 0x00000006c3b00000|
|  22|0x00000006c3c00000, 0x00000006c3c00000, 0x00000006c3d00000|  0%| F|  |TS  0|AC  0|TAMS 0x00000006c3c00000, 0x00000006c3c00000|
|  23|0x00000006c3d00000, 0x00000006c3d00000, 0x00000006c3e00000|  0%| F|  |TS  0|AC  0|TAMS 0x00000006c3d00000, 0x00000006c3d00000|
|  24|0x00000006c3e00000, 0x00000006c3e00000, 0x00000006c3f00000|  0%| F|  |TS  0|AC  0|TAMS 0x00000006c3e00000, 0x00000006c3e00000|
|  25|0x00000006c3f00000, 0x00000006c3f00000, 0x00000006c4000000|  0%| F|  |TS  0|AC  0|TAMS 0x00000006c3f00000, 0x00000006c3f00000|
|  26|0x00000006c4000000, 0x00000006c4000000, 0x00000006c4100000|  0%| F|  |TS  0|AC  0|TAMS 0x00000006c4000000, 0x00000006c4000000|
|  27|0x00000006c4100000, 0x00000006c4100000, 0x00000006c4200000|  0%| F|  |TS  0|AC  0|TAMS 0x00000006c4100000, 0x00000006c4100000|
|  28|0x00000006c4200000, 0x00000006c4200000, 0x00000006c4300000|  0%| F|  |TS  0|AC  0|TAMS 0x00000006c4200000, 0x00000006c4200000|
|  29|0x00000006c4300000, 0x00000006c4300000, 0x00000006c4400000|  0%| F|  |TS  0|AC  0|TAMS 0x00000006c4300000, 0x00000006c4300000|
|  30|0x00000006c4400000, 0x00000006c4400000, 0x00000006c4500000|  0%| F|  |TS  0|AC  0|TAMS 0x00000006c4400000, 0x00000006c4400000|
|  31|0x00000006c4500000, 0x00000006c4500000, 0x00000006c4600000|  0%| F|  |TS  0|AC  0|TAMS 0x00000006c4500000, 0x00000006c4500000|
|  32|0x00000006c4600000, 0x00000006c4600000, 0x00000006c4700000|  0%| F|  |TS  0|AC  0|TAMS 0x00000006c4600000, 0x00000006c4600000|
|  33|0x00000006c4700000, 0x00000006c4700000, 0x00000006c4800000|  0%| F|  |TS  0|AC  0|TAMS 0x00000006c4700000, 0x00000006c4700000|
|  34|0x00000006c4800000, 0x00000006c4800000, 0x00000006c4900000|  0%| F|  |TS  0|AC  0|TAMS 0x00000006c4800000, 0x00000006c4800000|
|  35|0x00000006c4900000, 0x00000006c4900000, 0x00000006c4a00000|  0%| F|  |TS  0|AC  0|TAMS 0x00000006c4900000, 0x00000006c4900000|
|  36|0x00000006c4a00000, 0x00000006c4a00000, 0x00000006c4b00000|  0%| F|  |TS  0|AC  0|TAMS 0x00000006c4a00000, 0x00000006c4a00000|
|  37|0x00000006c4b00000, 0x00000006c4b00000, 0x00000006c4c00000|  0%| F|  |TS  0|AC  0|TAMS 0x00000006c4b00000, 0x00000006c4b00000|
|  38|0x00000006c4c00000, 0x00000006c4c00000, 0x00000006c4d00000|  0%| F|  |TS  0|AC  0|TAMS 0x00000006c4c00000, 0x00000006c4c00000|
|  39|0x00000006c4d00000, 0x00000006c4d00000, 0x00000006c4e00000|  0%| F|  |TS  0|AC  0|TAMS 0x00000006c4d00000, 0x00000006c4d00000|
|  40|0x00000006c4e00000, 0x00000006c4e00000, 0x00000006c4f00000|  0%| F|  |TS  0|AC  0|TAMS 0x00000006c4e00000, 0x00000006c4e00000|
|  41|0x00000006c4f00000, 0x00000006c4f00000, 0x00000006c5000000|  0%| F|  |TS  0|AC  0|TAMS 0x00000006c4f00000, 0x00000006c4f00000|
|  42|0x00000006c5000000, 0x00000006c5000000, 0x00000006c5100000|  0%| F|  |TS  0|AC  0|TAMS 0x00000006c5000000, 0x00000006c5000000|
|  43|0x00000006c5100000, 0x00000006c5100000, 0x00000006c5200000|  0%| F|  |TS  0|AC  0|TAMS 0x00000006c5100000, 0x00000006c5100000|
|  44|0x00000006c5200000, 0x00000006c5200000, 0x00000006c5300000|  0%| F|  |TS  0|AC  0|TAMS 0x00000006c5200000, 0x00000006c5200000|
|  45|0x00000006c5300000, 0x00000006c5300000, 0x00000006c5400000|  0%| F|  |TS  0|AC  0|TAMS 0x00000006c5300000, 0x00000006c5300000|
|  46|0x00000006c5400000, 0x00000006c5400000, 0x00000006c5500000|  0%| F|  |TS  0|AC  0|TAMS 0x00000006c5400000, 0x00000006c5400000|
|  47|0x00000006c5500000, 0x00000006c5500000, 0x00000006c5600000|  0%| F|  |TS  0|AC  0|TAMS 0x00000006c5500000, 0x00000006c5500000|
|  48|0x00000006c5600000, 0x00000006c5600000, 0x00000006c5700000|  0%| F|  |TS  0|AC  0|TAMS 0x00000006c5600000, 0x00000006c5600000|
|  49|0x00000006c5700000, 0x00000006c5700000, 0x00000006c5800000|  0%| F|  |TS  0|AC  0|TAMS 0x00000006c5700000, 0x00000006c5700000|
|  50|0x00000006c5800000, 0x00000006c5800000, 0x00000006c5900000|  0%| F|  |TS  0|AC  0|TAMS 0x00000006c5800000, 0x00000006c5800000|
|  51|0x00000006c5900000, 0x00000006c5900000, 0x00000006c5a00000|  0%| F|  |TS  0|AC  0|TAMS 0x00000006c5900000, 0x00000006c5900000|
|  52|0x00000006c5a00000, 0x00000006c5a00000, 0x00000006c5b00000|  0%| F|  |TS  0|AC  0|TAMS 0x00000006c5a00000, 0x00000006c5a00000|
|  53|0x00000006c5b00000, 0x00000006c5b00000, 0x00000006c5c00000|  0%| F|  |TS  0|AC  0|TAMS 0x00000006c5b00000, 0x00000006c5b00000|
|  54|0x00000006c5c00000, 0x00000006c5c00000, 0x00000006c5d00000|  0%| F|  |TS  0|AC  0|TAMS 0x00000006c5c00000, 0x00000006c5c00000|
|  55|0x00000006c5d00000, 0x00000006c5d00000, 0x00000006c5e00000|  0%| F|  |TS  0|AC  0|TAMS 0x00000006c5d00000, 0x00000006c5d00000|
|  56|0x00000006c5e00000, 0x00000006c5e00000, 0x00000006c5f00000|  0%| F|  |TS  0|AC  0|TAMS 0x00000006c5e00000, 0x00000006c5e00000|
|  57|0x00000006c5f00000, 0x00000006c5f00000, 0x00000006c6000000|  0%| F|  |TS  0|AC  0|TAMS 0x00000006c5f00000, 0x00000006c5f00000|
|  58|0x00000006c6000000, 0x00000006c6000000, 0x00000006c6100000|  0%| F|  |TS  0|AC  0|TAMS 0x00000006c6000000, 0x00000006c6000000|
|  59|0x00000006c6100000, 0x00000006c6100000, 0x00000006c6200000|  0%| F|  |TS  0|AC  0|TAMS 0x00000006c6100000, 0x00000006c6100000|
|  60|0x00000006c6200000, 0x00000006c6200000, 0x00000006c6300000|  0%| F|  |TS  0|AC  0|TAMS 0x00000006c6200000, 0x00000006c6200000|
|  61|0x00000006c6300000, 0x00000006c6300000, 0x00000006c6400000|  0%| F|  |TS  0|AC  0|TAMS 0x00000006c6300000, 0x00000006c6300000|
|  62|0x00000006c6400000, 0x00000006c6400000, 0x00000006c6500000|  0%| F|  |TS  0|AC  0|TAMS 0x00000006c6400000, 0x00000006c6400000|
|  63|0x00000006c6500000, 0x00000006c6500000, 0x00000006c6600000|  0%| F|  |TS  0|AC  0|TAMS 0x00000006c6500000, 0x00000006c6500000|
|  64|0x00000006c6600000, 0x00000006c6600000, 0x00000006c6700000|  0%| F|  |TS  0|AC  0|TAMS 0x00000006c6600000, 0x00000006c6600000|
|  65|0x00000006c6700000, 0x00000006c6700000, 0x00000006c6800000|  0%| F|  |TS  0|AC  0|TAMS 0x00000006c6700000, 0x00000006c6700000|
|  66|0x00000006c6800000, 0x00000006c6800000, 0x00000006c6900000|  0%| F|  |TS  0|AC  0|TAMS 0x00000006c6800000, 0x00000006c6800000|
|  67|0x00000006c6900000, 0x00000006c6900000, 0x00000006c6a00000|  0%| F|  |TS  0|AC  0|TAMS 0x00000006c6900000, 0x00000006c6900000|
|  68|0x00000006c6a00000, 0x00000006c6a00000, 0x00000006c6b00000|  0%| F|  |TS  0|AC  0|TAMS 0x00000006c6a00000, 0x00000006c6a00000|
|  69|0x00000006c6b00000, 0x00000006c6b00000, 0x00000006c6c00000|  0%| F|  |TS  0|AC  0|TAMS 0x00000006c6b00000, 0x00000006c6b00000|
|  70|0x00000006c6c00000, 0x00000006c6c00000, 0x00000006c6d00000|  0%| F|  |TS  0|AC  0|TAMS 0x00000006c6c00000, 0x00000006c6c00000|
|  71|0x00000006c6d00000, 0x00000006c6d00000, 0x00000006c6e00000|  0%| F|  |TS  0|AC  0|TAMS 0x00000006c6d00000, 0x00000006c6d00000|
|  72|0x00000006c6e00000, 0x00000006c6e00000, 0x00000006c6f00000|  0%| F|  |TS  0|AC  0|TAMS 0x00000006c6e00000, 0x00000006c6e00000|
|  73|0x00000006c6f00000, 0x00000006c6f00000, 0x00000006c7000000|  0%| F|  |TS  0|AC  0|TAMS 0x00000006c6f00000, 0x00000006c6f00000|
|  74|0x00000006c7000000, 0x00000006c7000000, 0x00000006c7100000|  0%| F|  |TS  0|AC  0|TAMS 0x00000006c7000000, 0x00000006c7000000|
|  75|0x00000006c7100000, 0x00000006c7100000, 0x00000006c7200000|  0%| F|  |TS  0|AC  0|TAMS 0x00000006c7100000, 0x00000006c7100000|
|  76|0x00000006c7200000, 0x00000006c7200000, 0x00000006c7300000|  0%| F|  |TS  0|AC  0|TAMS 0x00000006c7200000, 0x00000006c7200000|
|  77|0x00000006c7300000, 0x00000006c7300000, 0x00000006c7400000|  0%| F|  |TS  0|AC  0|TAMS 0x00000006c7300000, 0x00000006c7300000|
|  78|0x00000006c7400000, 0x00000006c7400000, 0x00000006c7500000|  0%| F|  |TS  0|AC  0|TAMS 0x00000006c7400000, 0x00000006c7400000|
|  79|0x00000006c7500000, 0x00000006c7500000, 0x00000006c7600000|  0%| F|  |TS  0|AC  0|TAMS 0x00000006c7500000, 0x00000006c7500000|
|  80|0x00000006c7600000, 0x00000006c7600000, 0x00000006c7700000|  0%| F|  |TS  0|AC  0|TAMS 0x00000006c7600000, 0x00000006c7600000|
|  81|0x00000006c7700000, 0x00000006c7700000, 0x00000006c7800000|  0%| F|  |TS  0|AC  0|TAMS 0x00000006c7700000, 0x00000006c7700000|
|  82|0x00000006c7800000, 0x00000006c7800000, 0x00000006c7900000|  0%| F|  |TS  0|AC  0|TAMS 0x00000006c7800000, 0x00000006c7800000|
|  83|0x00000006c7900000, 0x00000006c7900000, 0x00000006c7a00000|  0%| F|  |TS  0|AC  0|TAMS 0x00000006c7900000, 0x00000006c7900000|
|  84|0x00000006c7a00000, 0x00000006c7a00000, 0x00000006c7b00000|  0%| F|  |TS  0|AC  0|TAMS 0x00000006c7a00000, 0x00000006c7a00000|
|  85|0x00000006c7b00000, 0x00000006c7b00000, 0x00000006c7c00000|  0%| F|  |TS  0|AC  0|TAMS 0x00000006c7b00000, 0x00000006c7b00000|
|  86|0x00000006c7c00000, 0x00000006c7c00000, 0x00000006c7d00000|  0%| F|  |TS  0|AC  0|TAMS 0x00000006c7c00000, 0x00000006c7c00000|
|  87|0x00000006c7d00000, 0x00000006c7d00000, 0x00000006c7e00000|  0%| F|  |TS  0|AC  0|TAMS 0x00000006c7d00000, 0x00000006c7d00000|
|  88|0x00000006c7e00000, 0x00000006c7e00000, 0x00000006c7f00000|  0%| F|  |TS  0|AC  0|TAMS 0x00000006c7e00000, 0x00000006c7e00000|
|  89|0x00000006c7f00000, 0x00000006c7f00000, 0x00000006c8000000|  0%| F|  |TS  0|AC  0|TAMS 0x00000006c7f00000, 0x00000006c7f00000|
|  90|0x00000006c8000000, 0x00000006c8000000, 0x00000006c8100000|  0%| F|  |TS  0|AC  0|TAMS 0x00000006c8000000, 0x00000006c8000000|
|  91|0x00000006c8100000, 0x00000006c8100000, 0x00000006c8200000|  0%| F|  |TS  0|AC  0|TAMS 0x00000006c8100000, 0x00000006c8100000|
|  92|0x00000006c8200000, 0x00000006c8200000, 0x00000006c8300000|  0%| F|  |TS  0|AC  0|TAMS 0x00000006c8200000, 0x00000006c8200000|
|  93|0x00000006c8300000, 0x00000006c8300000, 0x00000006c8400000|  0%| F|  |TS  0|AC  0|TAMS 0x00000006c8300000, 0x00000006c8300000|
|  94|0x00000006c8400000, 0x00000006c8400000, 0x00000006c8500000|  0%| F|  |TS  0|AC  0|TAMS 0x00000006c8400000, 0x00000006c8400000|
|  95|0x00000006c8500000, 0x00000006c8500000, 0x00000006c8600000|  0%| F|  |TS  0|AC  0|TAMS 0x00000006c8500000, 0x00000006c8500000|
|  96|0x00000006c8600000, 0x00000006c8600000, 0x00000006c8700000|  0%| F|  |TS  0|AC  0|TAMS 0x00000006c8600000, 0x00000006c8600000|
|  97|0x00000006c8700000, 0x00000006c8700000, 0x00000006c8800000|  0%| F|  |TS  0|AC  0|TAMS 0x00000006c8700000, 0x00000006c8700000|
|  98|0x00000006c8800000, 0x00000006c8800000, 0x00000006c8900000|  0%| F|  |TS  0|AC  0|TAMS 0x00000006c8800000, 0x00000006c8800000|
|  99|0x00000006c8900000, 0x00000006c8900000, 0x00000006c8a00000|  0%| F|  |TS  0|AC  0|TAMS 0x00000006c8900000, 0x00000006c8900000|
| 100|0x00000006c8a00000, 0x00000006c8a00000, 0x00000006c8b00000|  0%| F|  |TS  0|AC  0|TAMS 0x00000006c8a00000, 0x00000006c8a00000|
| 101|0x00000006c8b00000, 0x00000006c8b00000, 0x00000006c8c00000|  0%| F|  |TS  0|AC  0|TAMS 0x00000006c8b00000, 0x00000006c8b00000|
| 102|0x00000006c8c00000, 0x00000006c8c00000, 0x00000006c8d00000|  0%| F|  |TS  0|AC  0|TAMS 0x00000006c8c00000, 0x00000006c8c00000|
| 103|0x00000006c8d00000, 0x00000006c8d00000, 0x00000006c8e00000|  0%| F|  |TS  0|AC  0|TAMS 0x00000006c8d00000, 0x00000006c8d00000|
| 104|0x00000006c8e00000, 0x00000006c8e00000, 0x00000006c8f00000|  0%| F|  |TS  0|AC  0|TAMS 0x00000006c8e00000, 0x00000006c8e00000|
| 105|0x00000006c8f00000, 0x00000006c8f00000, 0x00000006c9000000|  0%| F|  |TS  0|AC  0|TAMS 0x00000006c8f00000, 0x00000006c8f00000|
| 106|0x00000006c9000000, 0x00000006c9000000, 0x00000006c9100000|  0%| F|  |TS  0|AC  0|TAMS 0x00000006c9000000, 0x00000006c9000000|
| 107|0x00000006c9100000, 0x00000006c9100000, 0x00000006c9200000|  0%| F|  |TS  0|AC  0|TAMS 0x00000006c9100000, 0x00000006c9100000|
| 108|0x00000006c9200000, 0x00000006c9200000, 0x00000006c9300000|  0%| F|  |TS  0|AC  0|TAMS 0x00000006c9200000, 0x00000006c9200000|
| 109|0x00000006c9300000, 0x00000006c9300000, 0x00000006c9400000|  0%| F|  |TS  0|AC  0|TAMS 0x00000006c9300000, 0x00000006c9300000|
| 110|0x00000006c9400000, 0x00000006c9400000, 0x00000006c9500000|  0%| F|  |TS  0|AC  0|TAMS 0x00000006c9400000, 0x00000006c9400000|
| 111|0x00000006c9500000, 0x00000006c9500000, 0x00000006c9600000|  0%| F|  |TS  0|AC  0|TAMS 0x00000006c9500000, 0x00000006c9500000|
| 112|0x00000006c9600000, 0x00000006c9600000, 0x00000006c9700000|  0%| F|  |TS  0|AC  0|TAMS 0x00000006c9600000, 0x00000006c9600000|
| 113|0x00000006c9700000, 0x00000006c9700000, 0x00000006c9800000|  0%| F|  |TS  0|AC  0|TAMS 0x00000006c9700000, 0x00000006c9700000|
| 114|0x00000006c9800000, 0x00000006c9800000, 0x00000006c9900000|  0%| F|  |TS  0|AC  0|TAMS 0x00000006c9800000, 0x00000006c9800000|
| 115|0x00000006c9900000, 0x00000006c9900000, 0x00000006c9a00000|  0%| F|  |TS  0|AC  0|TAMS 0x00000006c9900000, 0x00000006c9900000|
| 116|0x00000006c9a00000, 0x00000006c9a00000, 0x00000006c9b00000|  0%| F|  |TS  0|AC  0|TAMS 0x00000006c9a00000, 0x00000006c9a00000|
| 117|0x00000006c9b00000, 0x00000006c9b00000, 0x00000006c9c00000|  0%| F|  |TS  0|AC  0|TAMS 0x00000006c9b00000, 0x00000006c9b00000|
| 118|0x00000006c9c00000, 0x00000006c9c00000, 0x00000006c9d00000|  0%| F|  |TS  0|AC  0|TAMS 0x00000006c9c00000, 0x00000006c9c00000|
| 119|0x00000006c9d00000, 0x00000006c9d00000, 0x00000006c9e00000|  0%| F|  |TS  0|AC  0|TAMS 0x00000006c9d00000, 0x00000006c9d00000|
| 120|0x00000006c9e00000, 0x00000006c9e00000, 0x00000006c9f00000|  0%| F|  |TS  0|AC  0|TAMS 0x00000006c9e00000, 0x00000006c9e00000|
| 121|0x00000006c9f00000, 0x00000006c9f00000, 0x00000006ca000000|  0%| F|  |TS  0|AC  0|TAMS 0x00000006c9f00000, 0x00000006c9f00000|
| 122|0x00000006ca000000, 0x00000006ca000000, 0x00000006ca100000|  0%| F|  |TS  0|AC  0|TAMS 0x00000006ca000000, 0x00000006ca000000|
| 123|0x00000006ca100000, 0x00000006ca100000, 0x00000006ca200000|  0%| F|  |TS  0|AC  0|TAMS 0x00000006ca100000, 0x00000006ca100000|
| 124|0x00000006ca200000, 0x00000006ca200000, 0x00000006ca300000|  0%| F|  |TS  0|AC  0|TAMS 0x00000006ca200000, 0x00000006ca200000|
| 125|0x00000006ca300000, 0x00000006ca300000, 0x00000006ca400000|  0%| F|  |TS  0|AC  0|TAMS 0x00000006ca300000, 0x00000006ca300000|
| 126|0x00000006ca400000, 0x00000006ca400000, 0x00000006ca500000|  0%| F|  |TS  0|AC  0|TAMS 0x00000006ca400000, 0x00000006ca400000|
| 127|0x00000006ca500000, 0x00000006ca500000, 0x00000006ca600000|  0%| F|  |TS  0|AC  0|TAMS 0x00000006ca500000, 0x00000006ca500000|
| 128|0x00000006ca600000, 0x00000006ca600000, 0x00000006ca700000|  0%| F|  |TS  0|AC  0|TAMS 0x00000006ca600000, 0x00000006ca600000|
| 129|0x00000006ca700000, 0x00000006ca700000, 0x00000006ca800000|  0%| F|  |TS  0|AC  0|TAMS 0x00000006ca700000, 0x00000006ca700000|
| 130|0x00000006ca800000, 0x00000006ca800000, 0x00000006ca900000|  0%| F|  |TS  0|AC  0|TAMS 0x00000006ca800000, 0x00000006ca800000|
| 131|0x00000006ca900000, 0x00000006ca900000, 0x00000006caa00000|  0%| F|  |TS  0|AC  0|TAMS 0x00000006ca900000, 0x00000006ca900000|
| 132|0x00000006caa00000, 0x00000006caa00000, 0x00000006cab00000|  0%| F|  |TS  0|AC  0|TAMS 0x00000006caa00000, 0x00000006caa00000|
| 133|0x00000006cab00000, 0x00000006cab00000, 0x00000006cac00000|  0%| F|  |TS  0|AC  0|TAMS 0x00000006cab00000, 0x00000006cab00000|
| 134|0x00000006cac00000, 0x00000006cac00000, 0x00000006cad00000|  0%| F|  |TS  0|AC  0|TAMS 0x00000006cac00000, 0x00000006cac00000|
| 135|0x00000006cad00000, 0x00000006cad00000, 0x00000006cae00000|  0%| F|  |TS  0|AC  0|TAMS 0x00000006cad00000, 0x00000006cad00000|
| 136|0x00000006cae00000, 0x00000006cae00000, 0x00000006caf00000|  0%| F|  |TS  0|AC  0|TAMS 0x00000006cae00000, 0x00000006cae00000|
| 137|0x00000006caf00000, 0x00000006caf00000, 0x00000006cb000000|  0%| F|  |TS  0|AC  0|TAMS 0x00000006caf00000, 0x00000006caf00000|
| 138|0x00000006cb000000, 0x00000006cb000000, 0x00000006cb100000|  0%| F|  |TS  0|AC  0|TAMS 0x00000006cb000000, 0x00000006cb000000|
| 139|0x00000006cb100000, 0x00000006cb100000, 0x00000006cb200000|  0%| F|  |TS  0|AC  0|TAMS 0x00000006cb100000, 0x00000006cb100000|
| 140|0x00000006cb200000, 0x00000006cb200000, 0x00000006cb300000|  0%| F|  |TS  0|AC  0|TAMS 0x00000006cb200000, 0x00000006cb200000|
| 141|0x00000006cb300000, 0x00000006cb300000, 0x00000006cb400000|  0%| F|  |TS  0|AC  0|TAMS 0x00000006cb300000, 0x00000006cb300000|
| 142|0x00000006cb400000, 0x00000006cb400000, 0x00000006cb500000|  0%| F|  |TS  0|AC  0|TAMS 0x00000006cb400000, 0x00000006cb400000|
| 143|0x00000006cb500000, 0x00000006cb500000, 0x00000006cb600000|  0%| F|  |TS  0|AC  0|TAMS 0x00000006cb500000, 0x00000006cb500000|
| 144|0x00000006cb600000, 0x00000006cb600000, 0x00000006cb700000|  0%| F|  |TS  0|AC  0|TAMS 0x00000006cb600000, 0x00000006cb600000|
| 145|0x00000006cb700000, 0x00000006cb700000, 0x00000006cb800000|  0%| F|  |TS  0|AC  0|TAMS 0x00000006cb700000, 0x00000006cb700000|
| 146|0x00000006cb800000, 0x00000006cb800000, 0x00000006cb900000|  0%| F|  |TS  0|AC  0|TAMS 0x00000006cb800000, 0x00000006cb800000|
| 147|0x00000006cb900000, 0x00000006cb900000, 0x00000006cba00000|  0%| F|  |TS  0|AC  0|TAMS 0x00000006cb900000, 0x00000006cb900000|
| 148|0x00000006cba00000, 0x00000006cba00000, 0x00000006cbb00000|  0%| F|  |TS  0|AC  0|TAMS 0x00000006cba00000, 0x00000006cba00000|
| 149|0x00000006cbb00000, 0x00000006cbb00000, 0x00000006cbc00000|  0%| F|  |TS  0|AC  0|TAMS 0x00000006cbb00000, 0x00000006cbb00000|
| 150|0x00000006cbc00000, 0x00000006cbc00000, 0x00000006cbd00000|  0%| F|  |TS  0|AC  0|TAMS 0x00000006cbc00000, 0x00000006cbc00000|
| 151|0x00000006cbd00000, 0x00000006cbd00000, 0x00000006cbe00000|  0%| F|  |TS  0|AC  0|TAMS 0x00000006cbd00000, 0x00000006cbd00000|
| 152|0x00000006cbe00000, 0x00000006cbe00000, 0x00000006cbf00000|  0%| F|  |TS  0|AC  0|TAMS 0x00000006cbe00000, 0x00000006cbe00000|
| 153|0x00000006cbf00000, 0x00000006cbf00000, 0x00000006cc000000|  0%| F|  |TS  0|AC  0|TAMS 0x00000006cbf00000, 0x00000006cbf00000|
| 154|0x00000006cc000000, 0x00000006cc000000, 0x00000006cc100000|  0%| F|  |TS  0|AC  0|TAMS 0x00000006cc000000, 0x00000006cc000000|
| 155|0x00000006cc100000, 0x00000006cc100000, 0x00000006cc200000|  0%| F|  |TS  0|AC  0|TAMS 0x00000006cc100000, 0x00000006cc100000|
| 156|0x00000006cc200000, 0x00000006cc200000, 0x00000006cc300000|  0%| F|  |TS  0|AC  0|TAMS 0x00000006cc200000, 0x00000006cc200000|
| 157|0x00000006cc300000, 0x00000006cc300000, 0x00000006cc400000|  0%| F|  |TS  0|AC  0|TAMS 0x00000006cc300000, 0x00000006cc300000|
| 158|0x00000006cc400000, 0x00000006cc400000, 0x00000006cc500000|  0%| F|  |TS  0|AC  0|TAMS 0x00000006cc400000, 0x00000006cc400000|
| 159|0x00000006cc500000, 0x00000006cc500000, 0x00000006cc600000|  0%| F|  |TS  0|AC  0|TAMS 0x00000006cc500000, 0x00000006cc500000|
| 160|0x00000006cc600000, 0x00000006cc600000, 0x00000006cc700000|  0%| F|  |TS  0|AC  0|TAMS 0x00000006cc600000, 0x00000006cc600000|
| 161|0x00000006cc700000, 0x00000006cc700000, 0x00000006cc800000|  0%| F|  |TS  0|AC  0|TAMS 0x00000006cc700000, 0x00000006cc700000|
| 162|0x00000006cc800000, 0x00000006cc800000, 0x00000006cc900000|  0%| F|  |TS  0|AC  0|TAMS 0x00000006cc800000, 0x00000006cc800000|
| 163|0x00000006cc900000, 0x00000006cc900000, 0x00000006cca00000|  0%| F|  |TS  0|AC  0|TAMS 0x00000006cc900000, 0x00000006cc900000|
| 164|0x00000006cca00000, 0x00000006cca00000, 0x00000006ccb00000|  0%| F|  |TS  0|AC  0|TAMS 0x00000006cca00000, 0x00000006cca00000|
| 165|0x00000006ccb00000, 0x00000006ccb00000, 0x00000006ccc00000|  0%| F|  |TS  0|AC  0|TAMS 0x00000006ccb00000, 0x00000006ccb00000|
| 166|0x00000006ccc00000, 0x00000006ccc00000, 0x00000006ccd00000|  0%| F|  |TS  0|AC  0|TAMS 0x00000006ccc00000, 0x00000006ccc00000|
| 167|0x00000006ccd00000, 0x00000006ccd00000, 0x00000006cce00000|  0%| F|  |TS  0|AC  0|TAMS 0x00000006ccd00000, 0x00000006ccd00000|
| 168|0x00000006cce00000, 0x00000006cce00000, 0x00000006ccf00000|  0%| F|  |TS  0|AC  0|TAMS 0x00000006cce00000, 0x00000006cce00000|
| 169|0x00000006ccf00000, 0x00000006ccf00000, 0x00000006cd000000|  0%| F|  |TS  0|AC  0|TAMS 0x00000006ccf00000, 0x00000006ccf00000|
| 170|0x00000006cd000000, 0x00000006cd000000, 0x00000006cd100000|  0%| F|  |TS  0|AC  0|TAMS 0x00000006cd000000, 0x00000006cd000000|
| 171|0x00000006cd100000, 0x00000006cd100000, 0x00000006cd200000|  0%| F|  |TS  0|AC  0|TAMS 0x00000006cd100000, 0x00000006cd100000|
| 172|0x00000006cd200000, 0x00000006cd200000, 0x00000006cd300000|  0%| F|  |TS  0|AC  0|TAMS 0x00000006cd200000, 0x00000006cd200000|
| 173|0x00000006cd300000, 0x00000006cd300000, 0x00000006cd400000|  0%| F|  |TS  0|AC  0|TAMS 0x00000006cd300000, 0x00000006cd300000|
| 174|0x00000006cd400000, 0x00000006cd400000, 0x00000006cd500000|  0%| F|  |TS  0|AC  0|TAMS 0x00000006cd400000, 0x00000006cd400000|
| 175|0x00000006cd500000, 0x00000006cd500000, 0x00000006cd600000|  0%| F|  |TS  0|AC  0|TAMS 0x00000006cd500000, 0x00000006cd500000|
| 176|0x00000006cd600000, 0x00000006cd600000, 0x00000006cd700000|  0%| F|  |TS  0|AC  0|TAMS 0x00000006cd600000, 0x00000006cd600000|
| 177|0x00000006cd700000, 0x00000006cd700000, 0x00000006cd800000|  0%| F|  |TS  0|AC  0|TAMS 0x00000006cd700000, 0x00000006cd700000|
| 178|0x00000006cd800000, 0x00000006cd800000, 0x00000006cd900000|  0%| F|  |TS  0|AC  0|TAMS 0x00000006cd800000, 0x00000006cd800000|
| 179|0x00000006cd900000, 0x00000006cd900000, 0x00000006cda00000|  0%| F|  |TS  0|AC  0|TAMS 0x00000006cd900000, 0x00000006cd900000|
| 180|0x00000006cda00000, 0x00000006cda00000, 0x00000006cdb00000|  0%| F|  |TS  0|AC  0|TAMS 0x00000006cda00000, 0x00000006cda00000|
| 181|0x00000006cdb00000, 0x00000006cdb00000, 0x00000006cdc00000|  0%| F|  |TS  0|AC  0|TAMS 0x00000006cdb00000, 0x00000006cdb00000|
| 182|0x00000006cdc00000, 0x00000006cdc00000, 0x00000006cdd00000|  0%| F|  |TS  0|AC  0|TAMS 0x00000006cdc00000, 0x00000006cdc00000|
| 183|0x00000006cdd00000, 0x00000006cdd00000, 0x00000006cde00000|  0%| F|  |TS  0|AC  0|TAMS 0x00000006cdd00000, 0x00000006cdd00000|
| 184|0x00000006cde00000, 0x00000006cde00000, 0x00000006cdf00000|  0%| F|  |TS  0|AC  0|TAMS 0x00000006cde00000, 0x00000006cde00000|
| 185|0x00000006cdf00000, 0x00000006cdf00000, 0x00000006ce000000|  0%| F|  |TS  0|AC  0|TAMS 0x00000006cdf00000, 0x00000006cdf00000|
| 186|0x00000006ce000000, 0x00000006ce000000, 0x00000006ce100000|  0%| F|  |TS  0|AC  0|TAMS 0x00000006ce000000, 0x00000006ce000000|
| 187|0x00000006ce100000, 0x00000006ce100000, 0x00000006ce200000|  0%| F|  |TS  0|AC  0|TAMS 0x00000006ce100000, 0x00000006ce100000|
| 188|0x00000006ce200000, 0x00000006ce200000, 0x00000006ce300000|  0%| F|  |TS  0|AC  0|TAMS 0x00000006ce200000, 0x00000006ce200000|
| 189|0x00000006ce300000, 0x00000006ce300000, 0x00000006ce400000|  0%| F|  |TS  0|AC  0|TAMS 0x00000006ce300000, 0x00000006ce300000|
| 190|0x00000006ce400000, 0x00000006ce400000, 0x00000006ce500000|  0%| F|  |TS  0|AC  0|TAMS 0x00000006ce400000, 0x00000006ce400000|
| 191|0x00000006ce500000, 0x00000006ce500000, 0x00000006ce600000|  0%| F|  |TS  0|AC  0|TAMS 0x00000006ce500000, 0x00000006ce500000|
| 192|0x00000006ce600000, 0x00000006ce600000, 0x00000006ce700000|  0%| F|  |TS  0|AC  0|TAMS 0x00000006ce600000, 0x00000006ce600000|
| 193|0x00000006ce700000, 0x00000006ce700000, 0x00000006ce800000|  0%| F|  |TS  0|AC  0|TAMS 0x00000006ce700000, 0x00000006ce700000|
| 194|0x00000006ce800000, 0x00000006ce800000, 0x00000006ce900000|  0%| F|  |TS  0|AC  0|TAMS 0x00000006ce800000, 0x00000006ce800000|
| 195|0x00000006ce900000, 0x00000006ce900000, 0x00000006cea00000|  0%| F|  |TS  0|AC  0|TAMS 0x00000006ce900000, 0x00000006ce900000|
| 196|0x00000006cea00000, 0x00000006cea00000, 0x00000006ceb00000|  0%| F|  |TS  0|AC  0|TAMS 0x00000006cea00000, 0x00000006cea00000|
| 197|0x00000006ceb00000, 0x00000006ceb00000, 0x00000006cec00000|  0%| F|  |TS  0|AC  0|TAMS 0x00000006ceb00000, 0x00000006ceb00000|
| 198|0x00000006cec00000, 0x00000006cec00000, 0x00000006ced00000|  0%| F|  |TS  0|AC  0|TAMS 0x00000006cec00000, 0x00000006cec00000|
| 199|0x00000006ced00000, 0x00000006ced00000, 0x00000006cee00000|  0%| F|  |TS  0|AC  0|TAMS 0x00000006ced00000, 0x00000006ced00000|
| 200|0x00000006cee00000, 0x00000006cee00000, 0x00000006cef00000|  0%| F|  |TS  0|AC  0|TAMS 0x00000006cee00000, 0x00000006cee00000|
| 201|0x00000006cef00000, 0x00000006cef00000, 0x00000006cf000000|  0%| F|  |TS  0|AC  0|TAMS 0x00000006cef00000, 0x00000006cef00000|
| 202|0x00000006cf000000, 0x00000006cf000000, 0x00000006cf100000|  0%| F|  |TS  0|AC  0|TAMS 0x00000006cf000000, 0x00000006cf000000|
| 203|0x00000006cf100000, 0x00000006cf100000, 0x00000006cf200000|  0%| F|  |TS  0|AC  0|TAMS 0x00000006cf100000, 0x00000006cf100000|
| 204|0x00000006cf200000, 0x00000006cf200000, 0x00000006cf300000|  0%| F|  |TS  0|AC  0|TAMS 0x00000006cf200000, 0x00000006cf200000|
| 205|0x00000006cf300000, 0x00000006cf300000, 0x00000006cf400000|  0%| F|  |TS  0|AC  0|TAMS 0x00000006cf300000, 0x00000006cf300000|
| 206|0x00000006cf400000, 0x00000006cf400000, 0x00000006cf500000|  0%| F|  |TS  0|AC  0|TAMS 0x00000006cf400000, 0x00000006cf400000|
| 207|0x00000006cf500000, 0x00000006cf500000, 0x00000006cf600000|  0%| F|  |TS  0|AC  0|TAMS 0x00000006cf500000, 0x00000006cf500000|
| 208|0x00000006cf600000, 0x00000006cf600000, 0x00000006cf700000|  0%| F|  |TS  0|AC  0|TAMS 0x00000006cf600000, 0x00000006cf600000|
| 209|0x00000006cf700000, 0x00000006cf700000, 0x00000006cf800000|  0%| F|  |TS  0|AC  0|TAMS 0x00000006cf700000, 0x00000006cf700000|
| 210|0x00000006cf800000, 0x00000006cf800000, 0x00000006cf900000|  0%| F|  |TS  0|AC  0|TAMS 0x00000006cf800000, 0x00000006cf800000|
| 211|0x00000006cf900000, 0x00000006cf900000, 0x00000006cfa00000|  0%| F|  |TS  0|AC  0|TAMS 0x00000006cf900000, 0x00000006cf900000|
| 212|0x00000006cfa00000, 0x00000006cfa00000, 0x00000006cfb00000|  0%| F|  |TS  0|AC  0|TAMS 0x00000006cfa00000, 0x00000006cfa00000|
| 213|0x00000006cfb00000, 0x00000006cfb00000, 0x00000006cfc00000|  0%| F|  |TS  0|AC  0|TAMS 0x00000006cfb00000, 0x00000006cfb00000|
| 214|0x00000006cfc00000, 0x00000006cfc00000, 0x00000006cfd00000|  0%| F|  |TS  0|AC  0|TAMS 0x00000006cfc00000, 0x00000006cfc00000|
| 215|0x00000006cfd00000, 0x00000006cfd00000, 0x00000006cfe00000|  0%| F|  |TS  0|AC  0|TAMS 0x00000006cfd00000, 0x00000006cfd00000|
| 216|0x00000006cfe00000, 0x00000006cfe00000, 0x00000006cff00000|  0%| F|  |TS  0|AC  0|TAMS 0x00000006cfe00000, 0x00000006cfe00000|
| 217|0x00000006cff00000, 0x00000006cff00000, 0x00000006d0000000|  0%| F|  |TS  0|AC  0|TAMS 0x00000006cff00000, 0x00000006cff00000|
| 218|0x00000006d0000000, 0x00000006d0000000, 0x00000006d0100000|  0%| F|  |TS  0|AC  0|TAMS 0x00000006d0000000, 0x00000006d0000000|
| 219|0x00000006d0100000, 0x00000006d0200000, 0x00000006d0200000|100%| E|  |TS  0|AC  0|TAMS 0x00000006d0100000, 0x00000006d0100000|
| 220|0x00000006d0200000, 0x00000006d0300000, 0x00000006d0300000|100%| E|CS|TS  0|AC  0|TAMS 0x00000006d0200000, 0x00000006d0200000|
| 221|0x00000006d0300000, 0x00000006d0400000, 0x00000006d0400000|100%| E|CS|TS  0|AC  0|TAMS 0x00000006d0300000, 0x00000006d0300000|
| 222|0x00000006d0400000, 0x00000006d0500000, 0x00000006d0500000|100%| E|CS|TS  0|AC  0|TAMS 0x00000006d0400000, 0x00000006d0400000|
| 223|0x00000006d0500000, 0x00000006d0600000, 0x00000006d0600000|100%| E|CS|TS  0|AC  0|TAMS 0x00000006d0500000, 0x00000006d0500000|
| 224|0x00000006d0600000, 0x00000006d0700000, 0x00000006d0700000|100%| E|CS|TS  0|AC  0|TAMS 0x00000006d0600000, 0x00000006d0600000|
| 225|0x00000006d0700000, 0x00000006d0800000, 0x00000006d0800000|100%| E|CS|TS  0|AC  0|TAMS 0x00000006d0700000, 0x00000006d0700000|
| 226|0x00000006d0800000, 0x00000006d0900000, 0x00000006d0900000|100%| E|CS|TS  0|AC  0|TAMS 0x00000006d0800000, 0x00000006d0800000|
| 227|0x00000006d0900000, 0x00000006d0a00000, 0x00000006d0a00000|100%| E|CS|TS  0|AC  0|TAMS 0x00000006d0900000, 0x00000006d0900000|
| 228|0x00000006d0a00000, 0x00000006d0b00000, 0x00000006d0b00000|100%| E|CS|TS  0|AC  0|TAMS 0x00000006d0a00000, 0x00000006d0a00000|
| 229|0x00000006d0b00000, 0x00000006d0c00000, 0x00000006d0c00000|100%| E|CS|TS  0|AC  0|TAMS 0x00000006d0b00000, 0x00000006d0b00000|
| 230|0x00000006d0c00000, 0x00000006d0d00000, 0x00000006d0d00000|100%| E|CS|TS  0|AC  0|TAMS 0x00000006d0c00000, 0x00000006d0c00000|
| 231|0x00000006d0d00000, 0x00000006d0e00000, 0x00000006d0e00000|100%| E|CS|TS  0|AC  0|TAMS 0x00000006d0d00000, 0x00000006d0d00000|
| 232|0x00000006d0e00000, 0x00000006d0f00000, 0x00000006d0f00000|100%| E|CS|TS  0|AC  0|TAMS 0x00000006d0e00000, 0x00000006d0e00000|
| 233|0x00000006d0f00000, 0x00000006d1000000, 0x00000006d1000000|100%| E|CS|TS  0|AC  0|TAMS 0x00000006d0f00000, 0x00000006d0f00000|
| 234|0x00000006d1000000, 0x00000006d1100000, 0x00000006d1100000|100%| E|CS|TS  0|AC  0|TAMS 0x00000006d1000000, 0x00000006d1000000|
| 235|0x00000006d1100000, 0x00000006d1200000, 0x00000006d1200000|100%| E|CS|TS  0|AC  0|TAMS 0x00000006d1100000, 0x00000006d1100000|
| 236|0x00000006d1200000, 0x00000006d1300000, 0x00000006d1300000|100%| E|CS|TS  0|AC  0|TAMS 0x00000006d1200000, 0x00000006d1200000|
| 237|0x00000006d1300000, 0x00000006d1400000, 0x00000006d1400000|100%| E|CS|TS  0|AC  0|TAMS 0x00000006d1300000, 0x00000006d1300000|
| 238|0x00000006d1400000, 0x00000006d1500000, 0x00000006d1500000|100%| S|CS|TS  1|AC  0|TAMS 0x00000006d1400000, 0x00000006d1400000|
| 239|0x00000006d1500000, 0x00000006d1600000, 0x00000006d1600000|100%| S|CS|TS  1|AC  0|TAMS 0x00000006d1500000, 0x00000006d1500000|
| 240|0x00000006d1600000, 0x00000006d1700000, 0x00000006d1700000|100%| E|CS|TS  1|AC  0|TAMS 0x00000006d1600000, 0x00000006d1600000|
| 241|0x00000006d1700000, 0x00000006d1800000, 0x00000006d1800000|100%| E|CS|TS  1|AC  0|TAMS 0x00000006d1700000, 0x00000006d1700000|
| 242|0x00000006d1800000, 0x00000006d1900000, 0x00000006d1900000|100%| E|CS|TS  1|AC  0|TAMS 0x00000006d1800000, 0x00000006d1800000|
| 243|0x00000006d1900000, 0x00000006d1a00000, 0x00000006d1a00000|100%| E|CS|TS  1|AC  0|TAMS 0x00000006d1900000, 0x00000006d1900000|
| 244|0x00000006d1a00000, 0x00000006d1b00000, 0x00000006d1b00000|100%| E|CS|TS  1|AC  0|TAMS 0x00000006d1a00000, 0x00000006d1a00000|
| 245|0x00000006d1b00000, 0x00000006d1c00000, 0x00000006d1c00000|100%| E|CS|TS  1|AC  0|TAMS 0x00000006d1b00000, 0x00000006d1b00000|
| 246|0x00000006d1c00000, 0x00000006d1d00000, 0x00000006d1d00000|100%| E|CS|TS  1|AC  0|TAMS 0x00000006d1c00000, 0x00000006d1c00000|
| 247|0x00000006d1d00000, 0x00000006d1e00000, 0x00000006d1e00000|100%| E|CS|TS  1|AC  0|TAMS 0x00000006d1d00000, 0x00000006d1d00000|
| 248|0x00000006d1e00000, 0x00000006d1f00000, 0x00000006d1f00000|100%| E|CS|TS  1|AC  0|TAMS 0x00000006d1e00000, 0x00000006d1e00000|
| 249|0x00000006d1f00000, 0x00000006d2000000, 0x00000006d2000000|100%| E|CS|TS  1|AC  0|TAMS 0x00000006d1f00000, 0x00000006d1f00000|
| 250|0x00000006d2000000, 0x00000006d2100000, 0x00000006d2100000|100%| E|CS|TS  1|AC  0|TAMS 0x00000006d2000000, 0x00000006d2000000|
| 251|0x00000006d2100000, 0x00000006d2200000, 0x00000006d2200000|100%| E|CS|TS  1|AC  0|TAMS 0x00000006d2100000, 0x00000006d2100000|
| 252|0x00000006d2200000, 0x00000006d2300000, 0x00000006d2300000|100%| E|CS|TS  1|AC  0|TAMS 0x00000006d2200000, 0x00000006d2200000|
| 253|0x00000006d2300000, 0x00000006d2400000, 0x00000006d2400000|100%| E|CS|TS  1|AC  0|TAMS 0x00000006d2300000, 0x00000006d2300000|

Card table byte_map: [0x00000122fa300000,0x00000122faaf0000] byte_map_base: 0x00000122f6ced000

Marking Bits (Prev, Next): (CMBitMap*) 0x00000122df7ee5c0, (CMBitMap*) 0x00000122df7ee5f8
 Prev Bits: [0x00000122fb2e0000, 0x00000122ff248000)
 Next Bits: [0x0000012280000000, 0x0000012283f68000)

Polling page: 0x00000122dd900000

CodeHeap 'non-profiled nmethods': size=120064Kb used=652Kb max_used=652Kb free=119411Kb
 bounds [0x00000122f25d0000, 0x00000122f2840000, 0x00000122f9b10000]
CodeHeap 'profiled nmethods': size=120000Kb used=3596Kb max_used=3596Kb free=116403Kb
 bounds [0x00000122eb0a0000, 0x00000122eb430000, 0x00000122f25d0000]
CodeHeap 'non-nmethods': size=5696Kb used=1197Kb max_used=1217Kb free=4498Kb
 bounds [0x00000122eab10000, 0x00000122ead80000, 0x00000122eb0a0000]
 total_blobs=2571 nmethods=1783 adapters=352
 compilation: enabled

Compilation events (10 events):
Event: 9.101 Thread 0x00000122ff9f7800 nmethod 1778 0x00000122eb421c10 code [0x00000122eb421de0, 0x00000122eb422010]
Event: 9.102 Thread 0x00000122ff9f7800 1780       1       com.google.common.collect.ImmutableMultimap::asMap (5 bytes)
Event: 9.102 Thread 0x00000122ff9f7800 nmethod 1780 0x00000122f2671790 code [0x00000122f2671940, 0x00000122f2671a58]
Event: 9.102 Thread 0x00000122ff990800 nmethod 1779 0x00000122f2671b10 code [0x00000122f2671ca0, 0x00000122f2671d98]
Event: 9.400 Thread 0x00000122ff9f7800 1781       3       java.util.regex.Matcher::getTextLength (10 bytes)
Event: 9.400 Thread 0x00000122ff9f7800 nmethod 1781 0x00000122eb422110 code [0x00000122eb4222e0, 0x00000122eb422510]
Event: 9.400 Thread 0x00000122ff9f7800 1782       3       java.util.regex.Pattern$BmpCharPropertyGreedy::match (89 bytes)
Event: 9.401 Thread 0x00000122ff9f7800 nmethod 1782 0x00000122eb422610 code [0x00000122eb422820, 0x00000122eb422eb0]
Event: 9.438 Thread 0x00000122ff9ea000 1783       4       java.util.regex.Pattern$Branch::match (66 bytes)
Event: 9.454 Thread 0x00000122ff9ea000 nmethod 1783 0x00000122f2671e10 code [0x00000122f2672020, 0x00000122f2672a28]

GC Heap History (2 events):
Event: 1.140 GC heap before
{Heap before GC invocations=0 (full 0):
 garbage-first heap   total 260096K, used 14336K [0x00000006c2600000, 0x00000007c0000000)
  region size 1024K, 14 young (14336K), 0 survivors (0K)
 Metaspace       used 10934K, capacity 11196K, committed 11392K, reserved 1058816K
  class space    used 1030K, capacity 1115K, committed 1152K, reserved 1048576K
}
Event: 1.145 GC heap after
{Heap after GC invocations=1 (full 0):
 garbage-first heap   total 260096K, used 2729K [0x00000006c2600000, 0x00000007c0000000)
  region size 1024K, 2 young (2048K), 2 survivors (2048K)
 Metaspace       used 10934K, capacity 11196K, committed 11392K, reserved 1058816K
  class space    used 1030K, capacity 1115K, committed 1152K, reserved 1048576K
}

Deoptimization events (10 events):
Event: 1.807 Thread 0x0000012286f0c000 Uncommon trap: reason=unstable_if action=reinterpret pc=0x00000122f2625eb8 method=java.lang.CharacterDataLatin1.digit(II)I @ 82 c2
Event: 2.588 Thread 0x00000122df784000 Uncommon trap: reason=unstable_if action=reinterpret pc=0x00000122f264fe44 method=java.util.regex.Pattern$BmpCharProperty.match(Ljava/util/regex/Matcher;ILjava/lang/CharSequence;)Z @ 5 c2
Event: 2.629 Thread 0x00000122df784000 Uncommon trap: reason=unstable_if action=reinterpret pc=0x00000122f25d24fc method=java.lang.String.isLatin1()Z @ 10 c2
Event: 2.694 Thread 0x00000122df784000 Uncommon trap: reason=unstable_if action=reinterpret pc=0x00000122f2625a8c method=java.lang.CharacterDataLatin1.digit(II)I @ 82 c2
Event: 4.364 Thread 0x00000122df784000 Uncommon trap: reason=unstable_if action=reinterpret pc=0x00000122f260c800 method=java.lang.AbstractStringBuilder.putStringAt(ILjava/lang/String;)V @ 8 c2
Event: 4.364 Thread 0x00000122df784000 Uncommon trap: reason=unstable_if action=reinterpret pc=0x00000122f2628afc method=java.lang.AbstractStringBuilder.isLatin1()Z @ 10 c2
Event: 4.364 Thread 0x00000122df784000 Uncommon trap: reason=unstable_if action=reinterpret pc=0x00000122f25e402c method=java.lang.CharacterData.of(I)Ljava/lang/CharacterData; @ 4 c2
Event: 4.366 Thread 0x00000122df784000 Uncommon trap: reason=unstable_if action=reinterpret pc=0x00000122f260b5d4 method=java.lang.AbstractStringBuilder.putStringAt(ILjava/lang/String;)V @ 8 c2
Event: 4.367 Thread 0x00000122df784000 Uncommon trap: reason=unstable_if action=reinterpret pc=0x00000122f265777c method=java.lang.AbstractStringBuilder.isLatin1()Z @ 10 c2
Event: 4.367 Thread 0x00000122df784000 Uncommon trap: reason=unstable_if action=reinterpret pc=0x00000122f260bf0c method=java.lang.String.getBytes([BIB)V @ 5 c2

Classes redefined (10 events):
Event: 417182.108 Thread 0x00000122ff92f000 redefined class name=com.google.game1, count=4
Event: 417234.293 Thread 0x00000122ff92f000 redefined class name=com.google.test, count=4
Event: 417234.301 Thread 0x00000122ff92f000 redefined class name=com.google.game1, count=5
Event: 420210.849 Thread 0x00000122ff92f000 redefined class name=com.google.game1, count=6
Event: 424028.641 Thread 0x00000122ff92f000 redefined class name=com.google.test, count=5
Event: 424028.649 Thread 0x00000122ff92f000 redefined class name=com.google.game1, count=7
Event: 424053.384 Thread 0x00000122ff92f000 redefined class name=com.google.game1, count=8
Event: 424844.630 Thread 0x00000122ff92f000 redefined class name=com.google.test, count=6
Event: 424844.638 Thread 0x00000122ff92f000 redefined class name=com.google.game1, count=9
Event: 426638.904 Thread 0x00000122ff92f000 redefined class name=com.google.game1, count=10

Internal exceptions (10 events):
Event: 2.674 Thread 0x00000122df784000 Exception <a 'java/lang/NoSuchMethodError'{0x00000006d07d4cb0}: method resolution failed> (0x00000006d07d4cb0) thrown at [t:/workspace/open/src/hotspot/share/prims/methodHandles.cpp, line 1226]
Event: 2.676 Thread 0x00000122df784000 Exception <a 'java/lang/NoSuchMethodError'{0x00000006d07e3598}: java.lang.invoke.DirectMethodHandle$Holder.invokeStatic(Ljava/lang/Object;Ljava/lang/Object;Ljava/lang/Object;Ljava/lang/Object;)V> (0x00000006d07e3598) thrown at [t:/workspace/open/src/hotsp
Event: 4.349 Thread 0x00000122df784000 Exception <a 'java/lang/ClassNotFoundException'{0x00000006d03ae410}: sun/util/logging/resources/spi/loggingProvider> (0x00000006d03ae410) thrown at [t:/workspace/open/src/hotspot/share/classfile/systemDictionary.cpp, line 233]
Event: 4.399 Thread 0x00000122df784000 Exception <a 'java/net/SocketTimeoutException'{0x00000006d028d3f0}: Read timed out> (0x00000006d028d3f0) thrown at [t:/workspace/open/src/hotspot/share/prims/jni.cpp, line 632]
Event: 5.554 Thread 0x00000122df784000 Exception <a 'java/net/SocketTimeoutException'{0x00000006d02a6db8}: Read timed out> (0x00000006d02a6db8) thrown at [t:/workspace/open/src/hotspot/share/prims/jni.cpp, line 632]
Event: 8.822 Thread 0x00000122df784000 Exception <a 'java/net/SocketTimeoutException'{0x00000006d02da3a0}: Read timed out> (0x00000006d02da3a0) thrown at [t:/workspace/open/src/hotspot/share/prims/jni.cpp, line 632]
Event: 8.855 Thread 0x00000122df784000 Exception <a 'java/net/SocketTimeoutException'{0x00000006d02f0410}: Read timed out> (0x00000006d02f0410) thrown at [t:/workspace/open/src/hotspot/share/prims/jni.cpp, line 632]
Event: 8.948 Thread 0x00000122df784000 Exception <a 'java/net/SocketTimeoutException'{0x00000006d0105bc0}: Read timed out> (0x00000006d0105bc0) thrown at [t:/workspace/open/src/hotspot/share/prims/jni.cpp, line 632]
Event: 9.015 Thread 0x00000122df784000 Exception <a 'java/net/SocketTimeoutException'{0x00000006d0127cc0}: Read timed out> (0x00000006d0127cc0) thrown at [t:/workspace/open/src/hotspot/share/prims/jni.cpp, line 632]
Event: 9.063 Thread 0x00000122df784000 Exception <a 'java/net/SocketTimeoutException'{0x00000006d014a0e8}: Read timed out> (0x00000006d014a0e8) thrown at [t:/workspace/open/src/hotspot/share/prims/jni.cpp, line 632]

Events (10 events):
Event: 426638.907 Executing VM operation: RedefineClasses done
Event: 426638.908 Executing VM operation: GetFrameCount
Event: 426638.908 Executing VM operation: GetFrameCount done
Event: 426638.908 Executing VM operation: GetFrameCount
Event: 426638.908 Executing VM operation: GetFrameCount done
Event: 426638.908 Executing VM operation: GetFrameLocation
Event: 426638.908 Executing VM operation: GetFrameLocation done
Event: 426638.909 Executing VM operation: GetFrameLocation
Event: 426638.909 Executing VM operation: GetFrameLocation done
Event: 426638.909 Executing VM operation: GetOrSetLocal


Dynamic libraries:
0x00007ff6d2510000 - 0x00007ff6d254e000 	C:\Program Files\Java\jdk-10.0.1\bin\java.exe
0x00007ff931060000 - 0x00007ff93123b000 	C:\WINDOWS\SYSTEM32\ntdll.dll
0x00007ff930d90000 - 0x00007ff930e3e000 	C:\WINDOWS\System32\KERNEL32.DLL
0x00007ff92d6e0000 - 0x00007ff92d929000 	C:\WINDOWS\System32\KERNELBASE.dll
0x00007ff930b30000 - 0x00007ff930bd1000 	C:\WINDOWS\System32\ADVAPI32.dll
0x00007ff92fe90000 - 0x00007ff92ff2d000 	C:\WINDOWS\System32\msvcrt.dll
0x00007ff930ef0000 - 0x00007ff930f49000 	C:\WINDOWS\System32\sechost.dll
0x00007ff92fd30000 - 0x00007ff92fe55000 	C:\WINDOWS\System32\RPCRT4.dll
0x00007ff930be0000 - 0x00007ff930d2a000 	C:\WINDOWS\System32\USER32.dll
0x00007ff92e400000 - 0x00007ff92e41e000 	C:\WINDOWS\System32\win32u.dll
0x00007ff92fe60000 - 0x00007ff92fe87000 	C:\WINDOWS\System32\GDI32.dll
0x00007ff92d930000 - 0x00007ff92dab7000 	C:\WINDOWS\System32\gdi32full.dll
0x00007ff92e520000 - 0x00007ff92e5ba000 	C:\WINDOWS\System32\msvcp_win.dll
0x00007ff92e420000 - 0x00007ff92e516000 	C:\WINDOWS\System32\ucrtbase.dll
0x00007ff91c840000 - 0x00007ff91caa7000 	C:\WINDOWS\WinSxS\amd64_microsoft.windows.common-controls_6595b64144ccf1df_6.0.15063.483_none_26002d27e7c744a2\COMCTL32.dll
0x00007ff92ff30000 - 0x00007ff930229000 	C:\WINDOWS\System32\combase.dll
0x00007ff92e1c0000 - 0x00007ff92e22a000 	C:\WINDOWS\System32\bcryptPrimitives.dll
0x00007ff9203d0000 - 0x00007ff9203da000 	C:\WINDOWS\SYSTEM32\VERSION.dll
0x00007ff930670000 - 0x00007ff93069d000 	C:\WINDOWS\System32\IMM32.DLL
0x00007ff911e30000 - 0x00007ff911f1f000 	C:\Program Files\Java\jdk-10.0.1\bin\msvcr120.dll
0x00007ff928690000 - 0x00007ff928736000 	C:\Program Files\Java\jdk-10.0.1\bin\msvcp120.dll
0x000000005f710000 - 0x0000000060180000 	C:\Program Files\Java\jdk-10.0.1\bin\server\jvm.dll
0x00007ff930740000 - 0x00007ff930748000 	C:\WINDOWS\System32\PSAPI.DLL
0x00007ff914b20000 - 0x00007ff914b29000 	C:\WINDOWS\SYSTEM32\WSOCK32.dll
0x00007ff930750000 - 0x00007ff9307bc000 	C:\WINDOWS\System32\WS2_32.dll
0x00007ff924820000 - 0x00007ff924843000 	C:\WINDOWS\SYSTEM32\WINMM.dll
0x00007ff9247f0000 - 0x00007ff92481b000 	C:\WINDOWS\SYSTEM32\WINMMBASE.dll
0x00007ff92d630000 - 0x00007ff92d679000 	C:\WINDOWS\System32\cfgmgr32.dll
0x00007ff92baf0000 - 0x00007ff92baff000 	C:\Program Files\Java\jdk-10.0.1\bin\verify.dll
0x00007ff917970000 - 0x00007ff917b19000 	C:\WINDOWS\SYSTEM32\DBGHELP.DLL
0x00007ff917940000 - 0x00007ff917969000 	C:\WINDOWS\SYSTEM32\dbgcore.DLL
0x00007ff928b40000 - 0x00007ff928b67000 	C:\Program Files\Java\jdk-10.0.1\bin\java.dll
0x00007ff912440000 - 0x00007ff912476000 	C:\Program Files\Java\jdk-10.0.1\bin\jdwp.dll
0x00007ff918a60000 - 0x00007ff918a8a000 	C:\Program Files\Java\jdk-10.0.1\bin\instrument.dll
0x00007ff928b20000 - 0x00007ff928b36000 	C:\Program Files\Java\jdk-10.0.1\bin\zip.dll
0x00007ff92baa0000 - 0x00007ff92baaa000 	C:\Program Files\Java\jdk-10.0.1\bin\jimage.dll
0x00007ff92e8f0000 - 0x00007ff92fd27000 	C:\WINDOWS\System32\SHELL32.dll
0x00007ff930e40000 - 0x00007ff930eea000 	C:\WINDOWS\System32\shcore.dll
0x00007ff92dac0000 - 0x00007ff92e1b1000 	C:\WINDOWS\System32\windows.storage.dll
0x00007ff930a60000 - 0x00007ff930ab1000 	C:\WINDOWS\System32\shlwapi.dll
0x00007ff92d4d0000 - 0x00007ff92d4e1000 	C:\WINDOWS\System32\kernel.appcore.dll
0x00007ff92d530000 - 0x00007ff92d57c000 	C:\WINDOWS\System32\powrprof.dll
0x00007ff92d4f0000 - 0x00007ff92d505000 	C:\WINDOWS\System32\profapi.dll
0x00007ff92ba60000 - 0x00007ff92ba6a000 	C:\Program Files\Java\jdk-10.0.1\bin\dt_socket.dll
0x00007ff92cde0000 - 0x00007ff92ce3c000 	C:\WINDOWS\system32\mswsock.dll
0x00007ff928ae0000 - 0x00007ff928afa000 	C:\Program Files\Java\jdk-10.0.1\bin\net.dll
0x00007ff9295e0000 - 0x00007ff9296b6000 	C:\WINDOWS\SYSTEM32\WINHTTP.dll
0x00007ff928a10000 - 0x00007ff928a21000 	C:\Program Files\Java\jdk-10.0.1\bin\nio.dll
0x00007ff92cbc0000 - 0x00007ff92cc64000 	C:\WINDOWS\SYSTEM32\DNSAPI.dll
0x00007ff930ac0000 - 0x00007ff930ac8000 	C:\WINDOWS\System32\NSI.dll
0x00007ff92cb80000 - 0x00007ff92cbb7000 	C:\WINDOWS\SYSTEM32\IPHLPAPI.DLL
0x00007ff921730000 - 0x00007ff92173a000 	C:\Windows\System32\rasadhlp.dll
0x00007ff927fc0000 - 0x00007ff92802b000 	C:\WINDOWS\System32\fwpuclnt.dll
0x00007ff92d090000 - 0x00007ff92d0b5000 	C:\WINDOWS\SYSTEM32\bcrypt.dll
0x00007ff914ed0000 - 0x00007ff914ef3000 	C:\Program Files\Java\jdk-10.0.1\bin\sunec.dll
0x00007ff92cf80000 - 0x00007ff92cf97000 	C:\WINDOWS\SYSTEM32\CRYPTSP.dll
0x00007ff92ca10000 - 0x00007ff92ca44000 	C:\WINDOWS\system32\rsaenh.dll
0x00007ff92d400000 - 0x00007ff92d429000 	C:\WINDOWS\SYSTEM32\USERENV.dll
0x00007ff92cfa0000 - 0x00007ff92cfab000 	C:\WINDOWS\SYSTEM32\CRYPTBASE.dll
0x00007ff927ca0000 - 0x00007ff927cb6000 	C:\WINDOWS\SYSTEM32\dhcpcsvc6.DLL
0x00007ff927c80000 - 0x00007ff927c9a000 	C:\WINDOWS\SYSTEM32\dhcpcsvc.DLL

dbghelp: loaded successfully - version: 4.0.5 - missing functions: none
symbol engine: initialized successfully - sym options: 0x614 - pdb path: .;C:\Program Files\Java\jdk-10.0.1\bin;C:\WINDOWS\SYSTEM32;C:\WINDOWS\WinSxS\amd64_microsoft.windows.common-controls_6595b64144ccf1df_6.0.15063.483_none_26002d27e7c744a2;C:\Program Files\Java\jdk-10.0.1\bin\server

VM Arguments:
jvm_args: -agentlib:jdwp=transport=dt_socket,address=127.0.0.1:49577,suspend=y,server=n -ea -Didea.test.cyclic.buffer.size=1048576 -javaagent:C:\Users\ddzheber\AppData\Local\Temp\capturejars\debugger-agent.jar=file:/C:/Users/ddzheber/AppData/Local/Temp/capture.props -Dfile.encoding=UTF-8 
java_command: com.intellij.rt.execution.junit.JUnitStarter -ideVersion5 -junit4 com.google.test,test1
java_class_path (initial): C:\Program Files\JetBrains\IntelliJ IDEA Community Edition 2018.1.4\lib\idea_rt.jar;C:\Program Files\JetBrains\IntelliJ IDEA Community Edition 2018.1.4\plugins\junit\lib\junit-rt.jar;C:\Program Files\JetBrains\IntelliJ IDEA Community Edition 2018.1.4\plugins\junit\lib\junit5-rt.jar;C:\Users\ddzheber\IdeaProjects\MySecondFirstProject\target\test-classes;C:\Users\ddzheber\.m2\repository\org\seleniumhq\selenium\selenium-java\3.12.0\selenium-java-3.12.0.jar;C:\Users\ddzheber\.m2\repository\org\seleniumhq\selenium\selenium-api\3.12.0\selenium-api-3.12.0.jar;C:\Users\ddzheber\.m2\repository\org\seleniumhq\selenium\selenium-chrome-driver\3.12.0\selenium-chrome-driver-3.12.0.jar;C:\Users\ddzheber\.m2\repository\org\seleniumhq\selenium\selenium-edge-driver\3.12.0\selenium-edge-driver-3.12.0.jar;C:\Users\ddzheber\.m2\repository\org\seleniumhq\selenium\selenium-firefox-driver\3.12.0\selenium-firefox-driver-3.12.0.jar;C:\Users\ddzheber\.m2\repository\org\seleniumhq\selenium\selenium-ie-driver\3.12.0\selenium-ie-driver-3.12.0.jar;C:\Users\ddzheber\.m2\repository\org\seleniumhq\selenium\selenium-opera-driver\3.12.0\selenium-opera-driver-3.12.0.jar;C:\Users\ddzheber\.m2\repository\org\seleniumhq\selenium\selenium-remote-driver\3.12.0\selenium-remote-driver-3.12.0.jar;C:\Users\ddzheber\.m2\repository\org\seleniumhq\selenium\selenium-safari-driver\3.12.0\selenium-safari-driver-3.12.0.jar;C:\Users\ddzheber\.m2\repository\org\seleniumhq\selenium\selenium-support\3.12.0\selenium-support-3.12.0.jar;C:\Users\ddzheber\.m2\repository\net\bytebuddy\byte-buddy\1.8.3\byte-buddy-1.8.3.jar;C:\Users\ddzheber\.m2\repository\org\apache\commons\commons-exec\1.3\commons-exec-1.3.jar;C:\Users\ddzheber\.m2\repository\commons-codec\commons-codec\1.10\commons-codec-1.10.jar;C:\Users\ddzheber\.m2\repository\commons-logging\commons-logging\1.2\commons-logging-1.2.jar;C:\Users\ddzheber\.m2\repository\com\google\code\gson\gson\2.8.2\gson-2.8.2.jar;C:\Users\ddzheber\.m2\repositor
Launcher Type: SUN_STANDARD

Logging:
Log output configuration:
#0: stdout all=warning uptime,level,tags
#1: stderr all=off uptime,level,tags

Environment Variables:
PATH=C:\Program Files (x86)\Common Files\Oracle\Java\javapath;C:\Python27\;C:\Python27\Scripts;C:\ProgramData\Oracle\Java\javapath;C:\WINDOWS\system32;C:\WINDOWS;C:\WINDOWS\System32\Wbem;C:\WINDOWS\System32\WindowsPowerShell\v1.0\;C:\Program Files\TortoiseSVN\bin;C:\Program Files (x86)\WebEx\Productivity Tools;C:\Program Files\Intel\WiFi\bin\;C:\Program Files\Common Files\Intel\WirelessCommon\;C:\Program Files (x86)\Sennheiser\SoftphoneSDK\;C:\Program Files\Git\cmd;C:\Users\ddzheber\AppData\Local\Programs\Python\Python36-32\Scripts\;C:\Users\ddzheber\AppData\Local\Programs\Python\Python36-32\;C:\Users\ddzheber\AppData\Local\Programs\Python\Launcher\;C:\Users\ddzheber\AppData\Local\Microsoft\WindowsApps;C:\Program Files\Heroku\bin
USERNAME=ddzheber
OS=Windows_NT
PROCESSOR_IDENTIFIER=Intel64 Family 6 Model 78 Stepping 3, GenuineIntel



---------------  S Y S T E M  ---------------

OS: Windows 10 , 64 bit Build 15063 (10.0.15063.296)

CPU:total 4 (initial active 4) (2 cores per cpu, 2 threads per core) family 6 model 78 stepping 3, cmov, cx8, fxsr, mmx, sse, sse2, sse3, ssse3, sse4.1, sse4.2, popcnt, avx, avx2, aes, clmul, erms, rtm, 3dnowpref, lzcnt, ht, tsc, tscinvbit, bmi1, bmi2, adx, fma

Memory: 4k page, physical 16620668k(8226080k free), swap 19111036k(4061568k free)

vm_info: Java HotSpot(TM) 64-Bit Server VM (10.0.1+10) for windows-amd64 JRE (10.0.1+10), built on Mar 27 2018 02:27:48 by "mach5one" with MS VC++ 12.0 (VS2013)

END.
